<?xml version="1.0" encoding="UTF-8"?>
<!-- Generated by org.testng.reporters.JUnitXMLReporter -->
<testsuite hostname="Desktop-Piyush" ignored="0" name="Test" tests="29" failures="14" timestamp="26 Mar 2020 18:23:06 GMT" time="25.496" errors="0">
  <testcase name="@BeforeClass setup" time="0.35" classname="tests.RegistrationTest">
    <failure type="java.lang.NullPointerException">
      <![CDATA[java.lang.NullPointerException
at java.util.Objects.requireNonNull(Unknown Source)
at org.openqa.selenium.interactions.Actions.<init>(Actions.java:65)
at pages.Registration_page.<init>(Registration_page.java:26)
at tests.RegistrationTest.setup(RegistrationTest.java:40)
... Removed 26 stack frames]]>
    </failure>
  </testcase> <!-- @BeforeClass setup -->
  <testcase name="@AfterClass logout" time="3.019" classname="tests.CreateProject_TestScenario1">
    <failure type="java.lang.NullPointerException">
      <![CDATA[java.lang.NullPointerException
at utilities.ExtentReport.Screenshot(ExtentReport.java:51)
at tests.CreateProject_TestScenario1.logout(CreateProject_TestScenario1.java:88)
... Removed 26 stack frames]]>
    </failure>
  </testcase> <!-- @AfterClass logout -->
  <testcase name="@AfterClass logout" time="3.001" classname="tests.CreateXrayProject_TestScenario2">
    <failure type="java.lang.NullPointerException">
      <![CDATA[java.lang.NullPointerException
at utilities.ExtentReport.Screenshot(ExtentReport.java:51)
at tests.CreateXrayProject_TestScenario2.logout(CreateXrayProject_TestScenario2.java:104)
... Removed 26 stack frames]]>
    </failure>
  </testcase> <!-- @AfterClass logout -->
  <testcase name="@BeforeClass Setup" time="0.001" classname="tests.CreateXrayProject_TestScenario3">
    <failure type="java.lang.NullPointerException">
      <![CDATA[java.lang.NullPointerException
at java.util.Objects.requireNonNull(Unknown Source)
at org.openqa.selenium.interactions.Actions.<init>(Actions.java:65)
at pages.Registration_page.<init>(Registration_page.java:26)
at tests.CreateXrayProject_TestScenario3.Setup(CreateXrayProject_TestScenario3.java:33)
... Removed 26 stack frames]]>
    </failure>
  </testcase> <!-- @BeforeClass Setup -->
  <testcase name="@AfterClass logout" time="0.0" classname="tests.CreateXrayProject_TestScenario3">
    <skipped/>
  </testcase> <!-- @AfterClass logout -->
  <testcase name="@AfterClass logout" time="3.002" classname="tests.CreateProject_TestScenario4">
    <failure type="java.lang.NullPointerException">
      <![CDATA[java.lang.NullPointerException
at utilities.ExtentReport.Screenshot(ExtentReport.java:51)
at tests.CreateProject_TestScenario4.logout(CreateProject_TestScenario4.java:108)
... Removed 26 stack frames]]>
    </failure>
  </testcase> <!-- @AfterClass logout -->
  <testcase name="@BeforeClass Setup" time="0.004" classname="tests.CreateXrayProject_TestScenario5">
    <failure type="java.lang.NullPointerException">
      <![CDATA[java.lang.NullPointerException
at java.util.Objects.requireNonNull(Unknown Source)
at org.openqa.selenium.interactions.Actions.<init>(Actions.java:65)
at pages.Registration_page.<init>(Registration_page.java:26)
at tests.CreateXrayProject_TestScenario5.Setup(CreateXrayProject_TestScenario5.java:33)
... Removed 26 stack frames]]>
    </failure>
  </testcase> <!-- @BeforeClass Setup -->
  <testcase name="@AfterClass logout" time="0.0" classname="tests.CreateXrayProject_TestScenario5">
    <skipped/>
  </testcase> <!-- @AfterClass logout -->
  <testcase name="SandBox" time="0.0" classname="tests.RegistrationTest">
    <skipped/>
  </testcase> <!-- SandBox -->
  <testcase name="Register_ValidUserValidPass" time="0.0" classname="tests.RegistrationTest">
    <skipped/>
  </testcase> <!-- Register_ValidUserValidPass -->
  <testcase name="SetPassword" time="0.0" classname="tests.RegistrationTest">
    <skipped/>
  </testcase> <!-- SetPassword -->
  <testcase name="login_ValidUserValidPass" time="0.018" classname="tests.CreateProject_TestScenario1">
    <failure type="java.lang.NullPointerException">
      <![CDATA[java.lang.NullPointerException
at pages.CreateProject.login(CreateProject.java:23)
at tests.CreateProject_TestScenario1.login_ValidUserValidPass(CreateProject_TestScenario1.java:38)
... Removed 25 stack frames]]>
    </failure>
  </testcase> <!-- login_ValidUserValidPass -->
  <testcase name="NewProject" time="0.05" classname="tests.CreateProject_TestScenario1">
    <failure type="java.lang.NullPointerException">
      <![CDATA[java.lang.NullPointerException
at java.util.Objects.requireNonNull(Unknown Source)
at org.openqa.selenium.support.ui.FluentWait.<init>(FluentWait.java:106)
at org.openqa.selenium.support.ui.WebDriverWait.<init>(WebDriverWait.java:85)
at org.openqa.selenium.support.ui.WebDriverWait.<init>(WebDriverWait.java:45)
at pages.CreateProject.ElementWait(CreateProject.java:95)
at pages.CreateProject.Click(CreateProject.java:31)
at tests.CreateProject_TestScenario1.NewProject(CreateProject_TestScenario1.java:50)
... Removed 25 stack frames]]>
    </failure>
  </testcase> <!-- NewProject -->
  <testcase name="ProjectName" time="3.006" classname="tests.CreateProject_TestScenario1">
    <failure type="java.lang.NullPointerException">
      <![CDATA[java.lang.NullPointerException
at pages.CreateProject.Element(CreateProject.java:90)
at tests.CreateProject_TestScenario1.ProjectName(CreateProject_TestScenario1.java:68)
... Removed 25 stack frames]]>
    </failure>
  </testcase> <!-- ProjectName -->
  <testcase name="UserStory" time="0.006" classname="tests.CreateProject_TestScenario1">
    <failure type="java.lang.NullPointerException">
      <![CDATA[java.lang.NullPointerException
at java.util.Objects.requireNonNull(Unknown Source)
at org.openqa.selenium.support.ui.FluentWait.<init>(FluentWait.java:106)
at org.openqa.selenium.support.ui.WebDriverWait.<init>(WebDriverWait.java:85)
at org.openqa.selenium.support.ui.WebDriverWait.<init>(WebDriverWait.java:45)
at pages.CreateProject.ElementWait(CreateProject.java:95)
at pages.CreateProject.Click(CreateProject.java:31)
at tests.CreateProject_TestScenario1.UserStory(CreateProject_TestScenario1.java:76)
... Removed 25 stack frames]]>
    </failure>
  </testcase> <!-- UserStory -->
  <testcase name="login_ValidUserValidPass" time="0.009" classname="tests.CreateXrayProject_TestScenario2">
    <failure type="java.lang.NullPointerException">
      <![CDATA[java.lang.NullPointerException
at java.util.Objects.requireNonNull(Unknown Source)
at org.openqa.selenium.support.ui.FluentWait.<init>(FluentWait.java:106)
at org.openqa.selenium.support.ui.WebDriverWait.<init>(WebDriverWait.java:85)
at org.openqa.selenium.support.ui.WebDriverWait.<init>(WebDriverWait.java:45)
at pages.CreateProject.ElementWait(CreateProject.java:95)
at pages.CreateProject.Click(CreateProject.java:31)
at tests.CreateXrayProject_TestScenario2.login_ValidUserValidPass(CreateXrayProject_TestScenario2.java:36)
... Removed 25 stack frames]]>
    </failure>
  </testcase> <!-- login_ValidUserValidPass -->
  <testcase name="CreateXrayProject" time="0.005" classname="tests.CreateXrayProject_TestScenario2">
    <failure type="java.lang.NullPointerException">
      <![CDATA[java.lang.NullPointerException
at java.util.Objects.requireNonNull(Unknown Source)
at org.openqa.selenium.support.ui.FluentWait.<init>(FluentWait.java:106)
at org.openqa.selenium.support.ui.WebDriverWait.<init>(WebDriverWait.java:85)
at org.openqa.selenium.support.ui.WebDriverWait.<init>(WebDriverWait.java:45)
at pages.CreateProject.ElementWait(CreateProject.java:95)
at pages.CreateProject.Click(CreateProject.java:31)
at tests.CreateXrayProject_TestScenario2.CreateXrayProject(CreateXrayProject_TestScenario2.java:53)
... Removed 25 stack frames]]>
    </failure>
  </testcase> <!-- CreateXrayProject -->
  <testcase name="ProjectName" time="3.005" classname="tests.CreateXrayProject_TestScenario2">
    <failure type="java.lang.NullPointerException">
      <![CDATA[java.lang.NullPointerException
at pages.CreateProject.Element(CreateProject.java:90)
at tests.CreateXrayProject_TestScenario2.ProjectName(CreateXrayProject_TestScenario2.java:69)
... Removed 25 stack frames]]>
    </failure>
  </testcase> <!-- ProjectName -->
  <testcase name="UserStory" time="0.02" classname="tests.CreateXrayProject_TestScenario2">
    <failure type="java.lang.NullPointerException">
      <![CDATA[java.lang.NullPointerException
at java.util.Objects.requireNonNull(Unknown Source)
at org.openqa.selenium.support.ui.FluentWait.<init>(FluentWait.java:106)
at org.openqa.selenium.support.ui.WebDriverWait.<init>(WebDriverWait.java:85)
at org.openqa.selenium.support.ui.WebDriverWait.<init>(WebDriverWait.java:45)
at pages.CreateProject.ElementWait(CreateProject.java:95)
at pages.CreateProject.Click(CreateProject.java:31)
at tests.CreateXrayProject_TestScenario2.UserStory(CreateXrayProject_TestScenario2.java:77)
... Removed 25 stack frames]]>
    </failure>
  </testcase> <!-- UserStory -->
  <testcase name="Plan" time="3.009" classname="tests.CreateXrayProject_TestScenario2">
    <failure type="java.lang.NullPointerException">
      <![CDATA[java.lang.NullPointerException
at pages.CreateProject.Element(CreateProject.java:90)
at tests.CreateXrayProject_TestScenario2.Plan(CreateXrayProject_TestScenario2.java:88)
... Removed 25 stack frames]]>
    </failure>
  </testcase> <!-- Plan -->
  <testcase name="New_Registration" time="0.0" classname="tests.CreateXrayProject_TestScenario3">
    <skipped/>
  </testcase> <!-- New_Registration -->
  <testcase name="login_ValidUserValidPass" time="0.0" classname="tests.CreateXrayProject_TestScenario3">
    <skipped/>
  </testcase> <!-- login_ValidUserValidPass -->
  <testcase name="CreateXrayProject" time="0.0" classname="tests.CreateXrayProject_TestScenario3">
    <skipped/>
  </testcase> <!-- CreateXrayProject -->
  <testcase name="ProjectName" time="0.0" classname="tests.CreateXrayProject_TestScenario3">
    <skipped/>
  </testcase> <!-- ProjectName -->
  <testcase name="UserStory" time="0.0" classname="tests.CreateXrayProject_TestScenario3">
    <skipped/>
  </testcase> <!-- UserStory -->
  <testcase name="Task" time="0.0" classname="tests.CreateXrayProject_TestScenario3">
    <skipped/>
  </testcase> <!-- Task -->
  <testcase name="login_ValidUserValidPass" time="0.005" classname="tests.CreateProject_TestScenario4">
    <failure type="java.lang.NullPointerException">
      <![CDATA[java.lang.NullPointerException
at java.util.Objects.requireNonNull(Unknown Source)
at org.openqa.selenium.support.ui.FluentWait.<init>(FluentWait.java:106)
at org.openqa.selenium.support.ui.WebDriverWait.<init>(WebDriverWait.java:85)
at org.openqa.selenium.support.ui.WebDriverWait.<init>(WebDriverWait.java:45)
at pages.CreateProject.ElementWait(CreateProject.java:95)
at pages.CreateProject.Click(CreateProject.java:31)
at tests.CreateProject_TestScenario4.login_ValidUserValidPass(CreateProject_TestScenario4.java:37)
... Removed 25 stack frames]]>
    </failure>
  </testcase> <!-- login_ValidUserValidPass -->
  <testcase name="NewProject" time="0.006" classname="tests.CreateProject_TestScenario4">
    <failure type="java.lang.NullPointerException">
      <![CDATA[java.lang.NullPointerException
at java.util.Objects.requireNonNull(Unknown Source)
at org.openqa.selenium.support.ui.FluentWait.<init>(FluentWait.java:106)
at org.openqa.selenium.support.ui.WebDriverWait.<init>(WebDriverWait.java:85)
at org.openqa.selenium.support.ui.WebDriverWait.<init>(WebDriverWait.java:45)
at pages.CreateProject.ElementWait(CreateProject.java:95)
at pages.CreateProject.Click(CreateProject.java:31)
at tests.CreateProject_TestScenario4.NewProject(CreateProject_TestScenario4.java:54)
... Removed 25 stack frames]]>
    </failure>
  </testcase> <!-- NewProject -->
  <testcase name="ProjectName" time="3.006" classname="tests.CreateProject_TestScenario4">
    <failure type="java.lang.NullPointerException">
      <![CDATA[java.lang.NullPointerException
at pages.CreateProject.Element(CreateProject.java:90)
at tests.CreateProject_TestScenario4.ProjectName(CreateProject_TestScenario4.java:70)
... Removed 25 stack frames]]>
    </failure>
  </testcase> <!-- ProjectName -->
  <testcase name="UserStory" time="0.006" classname="tests.CreateProject_TestScenario4">
    <failure type="java.lang.NullPointerException">
      <![CDATA[java.lang.NullPointerException
at java.util.Objects.requireNonNull(Unknown Source)
at org.openqa.selenium.support.ui.FluentWait.<init>(FluentWait.java:106)
at org.openqa.selenium.support.ui.WebDriverWait.<init>(WebDriverWait.java:85)
at org.openqa.selenium.support.ui.WebDriverWait.<init>(WebDriverWait.java:45)
at pages.CreateProject.ElementWait(CreateProject.java:95)
at pages.CreateProject.Click(CreateProject.java:31)
at tests.CreateProject_TestScenario4.UserStory(CreateProject_TestScenario4.java:78)
... Removed 25 stack frames]]>
    </failure>
  </testcase> <!-- UserStory -->
  <testcase name="TestCase" time="3.003" classname="tests.CreateProject_TestScenario4">
    <failure type="java.lang.NullPointerException">
      <![CDATA[java.lang.NullPointerException
at java.util.Objects.requireNonNull(Unknown Source)
at org.openqa.selenium.support.ui.FluentWait.<init>(FluentWait.java:106)
at org.openqa.selenium.support.ui.WebDriverWait.<init>(WebDriverWait.java:85)
at org.openqa.selenium.support.ui.WebDriverWait.<init>(WebDriverWait.java:45)
at pages.CreateProject.ElementWait(CreateProject.java:95)
at pages.CreateProject.Click(CreateProject.java:31)
at pages.CreateProject.ConfigureIssueType(CreateProject.java:60)
at tests.CreateProject_TestScenario4.TestCase(CreateProject_TestScenario4.java:89)
... Removed 25 stack frames]]>
    </failure>
  </testcase> <!-- TestCase -->
  <testcase name="New_Registration" time="0.0" classname="tests.CreateXrayProject_TestScenario5">
    <skipped/>
  </testcase> <!-- New_Registration -->
  <testcase name="login_ValidUserValidPass" time="0.0" classname="tests.CreateXrayProject_TestScenario5">
    <skipped/>
  </testcase> <!-- login_ValidUserValidPass -->
  <testcase name="CreateXrayProject" time="0.0" classname="tests.CreateXrayProject_TestScenario5">
    <skipped/>
  </testcase> <!-- CreateXrayProject -->
  <testcase name="ProjectName" time="0.0" classname="tests.CreateXrayProject_TestScenario5">
    <skipped/>
  </testcase> <!-- ProjectName -->
  <testcase name="UserStory" time="0.0" classname="tests.CreateXrayProject_TestScenario5">
    <skipped/>
  </testcase> <!-- UserStory -->
  <testcase name="TestCase" time="0.0" classname="tests.CreateXrayProject_TestScenario5">
    <skipped/>
  </testcase> <!-- TestCase -->
</testsuite> <!-- Test -->
